<?xml version="1.0" encoding="UTF-8"?>
<testsuite name="Calculator.SumCalculatorTest" tests="3" skipped="0" failures="0" errors="0" timestamp="2023-04-19T19:39:32" hostname="DESKTOP-EOQ3DLS" time="0.032">
  <properties/>
  <testcase name="shouldReturnOne()" classname="Calculator.SumCalculatorTest" time="0.021"/>
  <testcase name="shouldReturnSix()" classname="Calculator.SumCalculatorTest" time="0.001"/>
  <testcase name="shouldThrowIllegalArgumentExceptionWhenInputZero()" classname="Calculator.SumCalculatorTest" time="0.004"/>
  <system-out><![CDATA[]]></system-out>
  <system-err><![CDATA[]]></system-err>
</testsuite>
